# JRE version: OpenJDK Runtime Environment Temurin-17.0.5+8 (17.0.5+8) (build 17.0.5+8)
# Java VM: OpenJDK 64-Bit Server VM Temurin-17.0.5+8 (17.0.5+8, mixed mode, emulated-client, tiered, compressed oops, compressed class ptrs, g1 gc, windows-amd64)
GC Precious Log:
 CPUs: 8 total, 8 available
 Memory: 8056M
 Large Page Support: Disabled
 NUMA Support: Disabled
 Compressed Oops: Enabled (32-bit)
 Heap Region Size: 1M
 Heap Min Capacity: 8M
 Heap Initial Capacity: 126M
 Heap Max Capacity: 2G
 Pre-touch: Disabled
 Parallel Workers: 8
 Concurrent Workers: 2
 Concurrent Refinement Workers: 8
 Periodic GC: Disabled
Heap:
 garbage-first heap   total 61440K, used 39424K [0x0000000080000000, 0x0000000100000000)
  region size 1024K, 17 young (17408K), 4 survivors (4096K)
 Metaspace       used 66055K, committed 66560K, reserved 1114112K
  class space    used 8968K, committed 9216K, reserved 1048576K
GC Heap History (20 events):
Event: 2.392 GC heap before
{Heap before GC invocations=8 (full 0):
 garbage-first heap   total 41984K, used 28846K [0x0000000080000000, 0x0000000100000000)
  region size 1024K, 18 young (18432K), 2 survivors (2048K)
 Metaspace       used 35603K, committed 35968K, reserved 1081344K
  class space    used 4476K, committed 4672K, reserved 1048576K
}
Event: 2.398 GC heap after
{Heap after GC invocations=9 (full 0):
 garbage-first heap   total 41984K, used 16528K [0x0000000080000000, 0x0000000100000000)
  region size 1024K, 2 young (2048K), 2 survivors (2048K)
 Metaspace       used 35603K, committed 35968K, reserved 1081344K
  class space    used 4476K, committed 4672K, reserved 1048576K
}
Event: 2.598 GC heap before
{Heap before GC invocations=10 (full 0):
 garbage-first heap   total 41984K, used 30864K [0x0000000080000000, 0x0000000100000000)
  region size 1024K, 16 young (16384K), 2 survivors (2048K)
 Metaspace       used 38005K, committed 38464K, reserved 1089536K
  class space    used 4820K, committed 5056K, reserved 1048576K
}
Event: 2.601 GC heap after
{Heap after GC invocations=11 (full 0):
 garbage-first heap   total 41984K, used 17445K [0x0000000080000000, 0x0000000100000000)
  region size 1024K, 1 young (1024K), 1 survivors (1024K)
 Metaspace       used 38005K, committed 38464K, reserved 1089536K
  class space    used 4820K, committed 5056K, reserved 1048576K
}
Event: 2.622 GC heap before
{Heap before GC invocations=11 (full 0):
 garbage-first heap   total 41984K, used 17445K [0x0000000080000000, 0x0000000100000000)
  region size 1024K, 2 young (2048K), 1 survivors (1024K)
 Metaspace       used 38365K, committed 38784K, reserved 1089536K
  class space    used 4873K, committed 5056K, reserved 1048576K
}
Event: 2.625 GC heap after
{Heap after GC invocations=12 (full 0):
 garbage-first heap   total 41984K, used 17530K [0x0000000080000000, 0x0000000100000000)
  region size 1024K, 1 young (1024K), 1 survivors (1024K)
 Metaspace       used 38365K, committed 38784K, reserved 1089536K
  class space    used 4873K, committed 5056K, reserved 1048576K
}
Event: 2.851 GC heap before
{Heap before GC invocations=12 (full 0):
 garbage-first heap   total 41984K, used 31866K [0x0000000080000000, 0x0000000100000000)
  region size 1024K, 15 young (15360K), 1 survivors (1024K)
 Metaspace       used 42048K, committed 42496K, reserved 1089536K
  class space    used 5468K, committed 5696K, reserved 1048576K
}
Event: 2.853 GC heap after
{Heap after GC invocations=13 (full 0):
 garbage-first heap   total 61440K, used 18062K [0x0000000080000000, 0x0000000100000000)
  region size 1024K, 1 young (1024K), 1 survivors (1024K)
 Metaspace       used 42048K, committed 42496K, reserved 1089536K
  class space    used 5468K, committed 5696K, reserved 1048576K
}
Event: 3.295 GC heap before
{Heap before GC invocations=13 (full 0):
 garbage-first heap   total 61440K, used 46734K [0x0000000080000000, 0x0000000100000000)
  region size 1024K, 29 young (29696K), 1 survivors (1024K)
 Metaspace       used 49400K, committed 49856K, reserved 1097728K
  class space    used 6408K, committed 6656K, reserved 1048576K
}
Event: 3.298 GC heap after
{Heap after GC invocations=14 (full 0):
 garbage-first heap   total 61440K, used 20946K [0x0000000080000000, 0x0000000100000000)
  region size 1024K, 4 young (4096K), 4 survivors (4096K)
 Metaspace       used 49400K, committed 49856K, reserved 1097728K
  class space    used 6408K, committed 6656K, reserved 1048576K
}
Event: 3.687 GC heap before
{Heap before GC invocations=14 (full 0):
 garbage-first heap   total 61440K, used 45522K [0x0000000080000000, 0x0000000100000000)
  region size 1024K, 29 young (29696K), 4 survivors (4096K)
 Metaspace       used 55264K, committed 55680K, reserved 1097728K
  class space    used 7411K, committed 7616K, reserved 1048576K
}
Event: 3.691 GC heap after
{Heap after GC invocations=15 (full 0):
 garbage-first heap   total 61440K, used 22042K [0x0000000080000000, 0x0000000100000000)
  region size 1024K, 2 young (2048K), 2 survivors (2048K)
 Metaspace       used 55264K, committed 55680K, reserved 1097728K
  class space    used 7411K, committed 7616K, reserved 1048576K
}
Event: 4.066 GC heap before
{Heap before GC invocations=15 (full 0):
 garbage-first heap   total 61440K, used 46618K [0x0000000080000000, 0x0000000100000000)
  region size 1024K, 27 young (27648K), 2 survivors (2048K)
 Metaspace       used 58831K, committed 59264K, reserved 1105920K
  class space    used 7917K, committed 8128K, reserved 1048576K
}
Event: 4.070 GC heap after
{Heap after GC invocations=16 (full 0):
 garbage-first heap   total 61440K, used 23515K [0x0000000080000000, 0x0000000100000000)
  region size 1024K, 3 young (3072K), 3 survivors (3072K)
 Metaspace       used 58831K, committed 59264K, reserved 1105920K
  class space    used 7917K, committed 8128K, reserved 1048576K
}
Event: 4.109 GC heap before
{Heap before GC invocations=16 (full 0):
 garbage-first heap   total 61440K, used 25563K [0x0000000080000000, 0x0000000100000000)
  region size 1024K, 6 young (6144K), 3 survivors (3072K)
 Metaspace       used 59706K, committed 60160K, reserved 1105920K
  class space    used 7999K, committed 8192K, reserved 1048576K
}
Event: 4.112 GC heap after
{Heap after GC invocations=17 (full 0):
 garbage-first heap   total 61440K, used 23805K [0x0000000080000000, 0x0000000100000000)
  region size 1024K, 2 young (2048K), 2 survivors (2048K)
 Metaspace       used 59706K, committed 60160K, reserved 1105920K
  class space    used 7999K, committed 8192K, reserved 1048576K
}
Event: 4.405 GC heap before
{Heap before GC invocations=18 (full 0):
 garbage-first heap   total 61440K, used 49405K [0x0000000080000000, 0x0000000100000000)
  region size 1024K, 27 young (27648K), 2 survivors (2048K)
 Metaspace       used 61472K, committed 62080K, reserved 1105920K
  class space    used 8335K, committed 8640K, reserved 1048576K
}
Event: 4.407 GC heap after
{Heap after GC invocations=19 (full 0):
 garbage-first heap   total 61440K, used 25215K [0x0000000080000000, 0x0000000100000000)
  region size 1024K, 4 young (4096K), 4 survivors (4096K)
 Metaspace       used 61472K, committed 62080K, reserved 1105920K
  class space    used 8335K, committed 8640K, reserved 1048576K
}
Event: 4.666 GC heap before
{Heap before GC invocations=19 (full 0):
 garbage-first heap   total 61440K, used 48767K [0x0000000080000000, 0x0000000100000000)
  region size 1024K, 27 young (27648K), 4 survivors (4096K)
 Metaspace       used 63627K, committed 64128K, reserved 1105920K
  class space    used 8638K, committed 8896K, reserved 1048576K
}
Event: 4.671 GC heap after
{Heap after GC invocations=20 (full 0):
 garbage-first heap   total 61440K, used 27136K [0x0000000080000000, 0x0000000100000000)
  region size 1024K, 4 young (4096K), 4 survivors (4096K)
 Metaspace       used 63627K, committed 64128K, reserved 1105920K
  class space    used 8638K, committed 8896K, reserved 1048576K
}

