# JRE version: OpenJDK Runtime Environment Temurin-17.0.5+8 (17.0.5+8) (build 17.0.5+8)
# Java VM: OpenJDK 64-Bit Server VM Temurin-17.0.5+8 (17.0.5+8, mixed mode, emulated-client, tiered, compressed oops, compressed class ptrs, g1 gc, windows-amd64)
GC Precious Log:
 CPUs: 8 total, 8 available
 Memory: 8056M
 Large Page Support: Disabled
 NUMA Support: Disabled
 Compressed Oops: Enabled (32-bit)
 Heap Region Size: 1M
 Heap Min Capacity: 8M
 Heap Initial Capacity: 126M
 Heap Max Capacity: 2G
 Pre-touch: Disabled
 Parallel Workers: 8
 Concurrent Workers: 2
 Concurrent Refinement Workers: 8
 Periodic GC: Disabled
Heap:
 garbage-first heap   total 67584K, used 50721K [0x0000000080000000, 0x0000000100000000)
  region size 1024K, 27 young (27648K), 1 survivors (1024K)
 Metaspace       used 65033K, committed 65472K, reserved 1105920K
  class space    used 8825K, committed 9024K, reserved 1048576K
GC Heap History (20 events):
Event: 12.571 GC heap before
{Heap before GC invocations=23 (full 0):
 garbage-first heap   total 43008K, used 33571K [0x0000000080000000, 0x0000000100000000)
  region size 1024K, 10 young (10240K), 1 survivors (1024K)
 Metaspace       used 59898K, committed 60416K, reserved 1105920K
  class space    used 8146K, committed 8384K, reserved 1048576K
}
Event: 12.577 GC heap after
{Heap after GC invocations=24 (full 0):
 garbage-first heap   total 43008K, used 24890K [0x0000000080000000, 0x0000000100000000)
  region size 1024K, 2 young (2048K), 2 survivors (2048K)
 Metaspace       used 59898K, committed 60416K, reserved 1105920K
  class space    used 8146K, committed 8384K, reserved 1048576K
}
Event: 12.837 GC heap before
{Heap before GC invocations=24 (full 0):
 garbage-first heap   total 43008K, used 34106K [0x0000000080000000, 0x0000000100000000)
  region size 1024K, 11 young (11264K), 2 survivors (2048K)
 Metaspace       used 60943K, committed 61440K, reserved 1105920K
  class space    used 8299K, committed 8512K, reserved 1048576K
}
Event: 12.839 GC heap after
{Heap after GC invocations=25 (full 0):
 garbage-first heap   total 43008K, used 25803K [0x0000000080000000, 0x0000000100000000)
  region size 1024K, 2 young (2048K), 2 survivors (2048K)
 Metaspace       used 60943K, committed 61440K, reserved 1105920K
  class space    used 8299K, committed 8512K, reserved 1048576K
}
Event: 12.990 GC heap before
{Heap before GC invocations=26 (full 0):
 garbage-first heap   total 46080K, used 33995K [0x0000000080000000, 0x0000000100000000)
  region size 1024K, 10 young (10240K), 2 survivors (2048K)
 Metaspace       used 61824K, committed 62336K, reserved 1105920K
  class space    used 8421K, committed 8640K, reserved 1048576K
}
Event: 12.992 GC heap after
{Heap after GC invocations=27 (full 0):
 garbage-first heap   total 46080K, used 26730K [0x0000000080000000, 0x0000000100000000)
  region size 1024K, 2 young (2048K), 2 survivors (2048K)
 Metaspace       used 61824K, committed 62336K, reserved 1105920K
  class space    used 8421K, committed 8640K, reserved 1048576K
}
Event: 457.863 GC heap before
{Heap before GC invocations=27 (full 0):
 garbage-first heap   total 46080K, used 36970K [0x0000000080000000, 0x0000000100000000)
  region size 1024K, 12 young (12288K), 2 survivors (2048K)
 Metaspace       used 63915K, committed 64384K, reserved 1105920K
  class space    used 8694K, committed 8896K, reserved 1048576K
}
Event: 457.868 GC heap after
{Heap after GC invocations=28 (full 0):
 garbage-first heap   total 46080K, used 27321K [0x0000000080000000, 0x0000000100000000)
  region size 1024K, 2 young (2048K), 2 survivors (2048K)
 Metaspace       used 63915K, committed 64384K, reserved 1105920K
  class space    used 8694K, committed 8896K, reserved 1048576K
}
Event: 553.542 GC heap before
{Heap before GC invocations=29 (full 0):
 garbage-first heap   total 50176K, used 35513K [0x0000000080000000, 0x0000000100000000)
  region size 1024K, 11 young (11264K), 2 survivors (2048K)
 Metaspace       used 65018K, committed 65472K, reserved 1105920K
  class space    used 8821K, committed 9024K, reserved 1048576K
}
Event: 553.545 GC heap after
{Heap after GC invocations=30 (full 0):
 garbage-first heap   total 50176K, used 28054K [0x0000000080000000, 0x0000000100000000)
  region size 1024K, 2 young (2048K), 2 survivors (2048K)
 Metaspace       used 65018K, committed 65472K, reserved 1105920K
  class space    used 8821K, committed 9024K, reserved 1048576K
}
Event: 553.593 GC heap before
{Heap before GC invocations=30 (full 0):
 garbage-first heap   total 50176K, used 29078K [0x0000000080000000, 0x0000000100000000)
  region size 1024K, 3 young (3072K), 2 survivors (2048K)
 Metaspace       used 65020K, committed 65472K, reserved 1105920K
  class space    used 8821K, committed 9024K, reserved 1048576K
}
Event: 553.598 GC heap after
{Heap after GC invocations=31 (full 0):
 garbage-first heap   total 50176K, used 25908K [0x0000000080000000, 0x0000000100000000)
  region size 1024K, 1 young (1024K), 1 survivors (1024K)
 Metaspace       used 65020K, committed 65472K, reserved 1105920K
  class space    used 8821K, committed 9024K, reserved 1048576K
}
Event: 553.633 GC heap before
{Heap before GC invocations=31 (full 0):
 garbage-first heap   total 50176K, used 26932K [0x0000000080000000, 0x0000000100000000)
  region size 1024K, 2 young (2048K), 1 survivors (1024K)
 Metaspace       used 65020K, committed 65472K, reserved 1105920K
  class space    used 8821K, committed 9024K, reserved 1048576K
}
Event: 553.635 GC heap after
{Heap after GC invocations=32 (full 0):
 garbage-first heap   total 67584K, used 25722K [0x0000000080000000, 0x0000000100000000)
  region size 1024K, 1 young (1024K), 1 survivors (1024K)
 Metaspace       used 65020K, committed 65472K, reserved 1105920K
  class space    used 8821K, committed 9024K, reserved 1048576K
}
Event: 554.640 GC heap before
{Heap before GC invocations=32 (full 0):
 garbage-first heap   total 67584K, used 51322K [0x0000000080000000, 0x0000000100000000)
  region size 1024K, 26 young (26624K), 1 survivors (1024K)
 Metaspace       used 65031K, committed 65472K, reserved 1105920K
  class space    used 8823K, committed 9024K, reserved 1048576K
}
Event: 554.642 GC heap after
{Heap after GC invocations=33 (full 0):
 garbage-first heap   total 67584K, used 25737K [0x0000000080000000, 0x0000000100000000)
  region size 1024K, 1 young (1024K), 1 survivors (1024K)
 Metaspace       used 65031K, committed 65472K, reserved 1105920K
  class space    used 8823K, committed 9024K, reserved 1048576K
}
Event: 555.710 GC heap before
{Heap before GC invocations=33 (full 0):
 garbage-first heap   total 67584K, used 52361K [0x0000000080000000, 0x0000000100000000)
  region size 1024K, 28 young (28672K), 1 survivors (1024K)
 Metaspace       used 65031K, committed 65472K, reserved 1105920K
  class space    used 8823K, committed 9024K, reserved 1048576K
}
Event: 555.711 GC heap after
{Heap after GC invocations=34 (full 0):
 garbage-first heap   total 67584K, used 26021K [0x0000000080000000, 0x0000000100000000)
  region size 1024K, 1 young (1024K), 1 survivors (1024K)
 Metaspace       used 65031K, committed 65472K, reserved 1105920K
  class space    used 8823K, committed 9024K, reserved 1048576K
}
Event: 556.955 GC heap before
{Heap before GC invocations=34 (full 0):
 garbage-first heap   total 67584K, used 53669K [0x0000000080000000, 0x0000000100000000)
  region size 1024K, 28 young (28672K), 1 survivors (1024K)
 Metaspace       used 65033K, committed 65472K, reserved 1105920K
  class space    used 8825K, committed 9024K, reserved 1048576K
}
Event: 556.956 GC heap after
{Heap after GC invocations=35 (full 0):
 garbage-first heap   total 67584K, used 26145K [0x0000000080000000, 0x0000000100000000)
  region size 1024K, 1 young (1024K), 1 survivors (1024K)
 Metaspace       used 65033K, committed 65472K, reserved 1105920K
  class space    used 8825K, committed 9024K, reserved 1048576K
}

