# JRE version: OpenJDK Runtime Environment Temurin-17.0.5+8 (17.0.5+8) (build 17.0.5+8)
# Java VM: OpenJDK 64-Bit Server VM Temurin-17.0.5+8 (17.0.5+8, mixed mode, emulated-client, tiered, compressed oops, compressed class ptrs, g1 gc, windows-amd64)
GC Precious Log:
 CPUs: 8 total, 8 available
 Memory: 8056M
 Large Page Support: Disabled
 NUMA Support: Disabled
 Compressed Oops: Enabled (32-bit)
 Heap Region Size: 1M
 Heap Min Capacity: 8M
 Heap Initial Capacity: 126M
 Heap Max Capacity: 2G
 Pre-touch: Disabled
 Parallel Workers: 8
 Concurrent Workers: 2
 Concurrent Refinement Workers: 8
 Periodic GC: Disabled
Heap:
 garbage-first heap   total 54272K, used 34715K [0x0000000080000000, 0x0000000100000000)
  region size 1024K, 11 young (11264K), 3 survivors (3072K)
 Metaspace       used 66848K, committed 67392K, reserved 1114112K
  class space    used 9079K, committed 9344K, reserved 1048576K
GC Heap History (20 events):
Event: 10.391 GC heap before
{Heap before GC invocations=15 (full 0):
 garbage-first heap   total 41984K, used 30256K [0x0000000080000000, 0x0000000100000000)
  region size 1024K, 12 young (12288K), 2 survivors (2048K)
 Metaspace       used 51607K, committed 52096K, reserved 1097728K
  class space    used 6808K, committed 7040K, reserved 1048576K
}
Event: 10.393 GC heap after
{Heap after GC invocations=16 (full 0):
 garbage-first heap   total 41984K, used 21721K [0x0000000080000000, 0x0000000100000000)
  region size 1024K, 1 young (1024K), 1 survivors (1024K)
 Metaspace       used 51607K, committed 52096K, reserved 1097728K
  class space    used 6808K, committed 7040K, reserved 1048576K
}
Event: 10.644 GC heap before
{Heap before GC invocations=17 (full 0):
 garbage-first heap   total 41984K, used 30937K [0x0000000080000000, 0x0000000100000000)
  region size 1024K, 11 young (11264K), 1 survivors (1024K)
 Metaspace       used 54228K, committed 54656K, reserved 1097728K
  class space    used 7278K, committed 7488K, reserved 1048576K
}
Event: 10.646 GC heap after
{Heap after GC invocations=18 (full 0):
 garbage-first heap   total 41984K, used 22127K [0x0000000080000000, 0x0000000100000000)
  region size 1024K, 2 young (2048K), 2 survivors (2048K)
 Metaspace       used 54228K, committed 54656K, reserved 1097728K
  class space    used 7278K, committed 7488K, reserved 1048576K
}
Event: 10.813 GC heap before
{Heap before GC invocations=18 (full 0):
 garbage-first heap   total 41984K, used 32367K [0x0000000080000000, 0x0000000100000000)
  region size 1024K, 12 young (12288K), 2 survivors (2048K)
 Metaspace       used 55115K, committed 55616K, reserved 1097728K
  class space    used 7429K, committed 7680K, reserved 1048576K
}
Event: 10.815 GC heap after
{Heap after GC invocations=19 (full 0):
 garbage-first heap   total 41984K, used 22413K [0x0000000080000000, 0x0000000100000000)
  region size 1024K, 1 young (1024K), 1 survivors (1024K)
 Metaspace       used 55115K, committed 55616K, reserved 1097728K
  class space    used 7429K, committed 7680K, reserved 1048576K
}
Event: 10.947 GC heap before
{Heap before GC invocations=20 (full 0):
 garbage-first heap   total 43008K, used 32653K [0x0000000080000000, 0x0000000100000000)
  region size 1024K, 11 young (11264K), 1 survivors (1024K)
 Metaspace       used 55575K, committed 56128K, reserved 1097728K
  class space    used 7498K, committed 7744K, reserved 1048576K
}
Event: 10.948 GC heap after
{Heap after GC invocations=21 (full 0):
 garbage-first heap   total 43008K, used 22567K [0x0000000080000000, 0x0000000100000000)
  region size 1024K, 1 young (1024K), 1 survivors (1024K)
 Metaspace       used 55575K, committed 56128K, reserved 1097728K
  class space    used 7498K, committed 7744K, reserved 1048576K
}
Event: 12.677 GC heap before
{Heap before GC invocations=21 (full 0):
 garbage-first heap   total 43008K, used 32807K [0x0000000080000000, 0x0000000100000000)
  region size 1024K, 12 young (12288K), 1 survivors (1024K)
 Metaspace       used 57987K, committed 58496K, reserved 1105920K
  class space    used 7846K, committed 8064K, reserved 1048576K
}
Event: 12.679 GC heap after
{Heap after GC invocations=22 (full 0):
 garbage-first heap   total 43008K, used 23426K [0x0000000080000000, 0x0000000100000000)
  region size 1024K, 2 young (2048K), 2 survivors (2048K)
 Metaspace       used 57987K, committed 58496K, reserved 1105920K
  class space    used 7846K, committed 8064K, reserved 1048576K
}
Event: 12.957 GC heap before
{Heap before GC invocations=23 (full 0):
 garbage-first heap   total 45056K, used 32642K [0x0000000080000000, 0x0000000100000000)
  region size 1024K, 12 young (12288K), 2 survivors (2048K)
 Metaspace       used 59943K, committed 60416K, reserved 1105920K
  class space    used 8127K, committed 8320K, reserved 1048576K
}
Event: 12.960 GC heap after
{Heap after GC invocations=24 (full 0):
 garbage-first heap   total 45056K, used 24353K [0x0000000080000000, 0x0000000100000000)
  region size 1024K, 2 young (2048K), 2 survivors (2048K)
 Metaspace       used 59943K, committed 60416K, reserved 1105920K
  class space    used 8127K, committed 8320K, reserved 1048576K
}
Event: 13.150 GC heap before
{Heap before GC invocations=24 (full 0):
 garbage-first heap   total 45056K, used 35617K [0x0000000080000000, 0x0000000100000000)
  region size 1024K, 13 young (13312K), 2 survivors (2048K)
 Metaspace       used 61315K, committed 61888K, reserved 1105920K
  class space    used 8318K, committed 8576K, reserved 1048576K
}
Event: 13.153 GC heap after
{Heap after GC invocations=25 (full 0):
 garbage-first heap   total 54272K, used 25062K [0x0000000080000000, 0x0000000100000000)
  region size 1024K, 2 young (2048K), 2 survivors (2048K)
 Metaspace       used 61315K, committed 61888K, reserved 1105920K
  class space    used 8318K, committed 8576K, reserved 1048576K
}
Event: 13.300 GC heap before
{Heap before GC invocations=26 (full 0):
 garbage-first heap   total 54272K, used 43494K [0x0000000080000000, 0x0000000100000000)
  region size 1024K, 20 young (20480K), 2 survivors (2048K)
 Metaspace       used 61578K, committed 62144K, reserved 1105920K
  class space    used 8353K, committed 8640K, reserved 1048576K
}
Event: 13.302 GC heap after
{Heap after GC invocations=27 (full 0):
 garbage-first heap   total 54272K, used 25932K [0x0000000080000000, 0x0000000100000000)
  region size 1024K, 3 young (3072K), 3 survivors (3072K)
 Metaspace       used 61578K, committed 62144K, reserved 1105920K
  class space    used 8353K, committed 8640K, reserved 1048576K
}
Event: 13.614 GC heap before
{Heap before GC invocations=27 (full 0):
 garbage-first heap   total 54272K, used 43340K [0x0000000080000000, 0x0000000100000000)
  region size 1024K, 20 young (20480K), 3 survivors (3072K)
 Metaspace       used 62873K, committed 63424K, reserved 1105920K
  class space    used 8540K, committed 8832K, reserved 1048576K
}
Event: 13.618 GC heap after
{Heap after GC invocations=28 (full 0):
 garbage-first heap   total 54272K, used 27103K [0x0000000080000000, 0x0000000100000000)
  region size 1024K, 3 young (3072K), 3 survivors (3072K)
 Metaspace       used 62873K, committed 63424K, reserved 1105920K
  class space    used 8540K, committed 8832K, reserved 1048576K
}
Event: 15.630 GC heap before
{Heap before GC invocations=28 (full 0):
 garbage-first heap   total 54272K, used 43487K [0x0000000080000000, 0x0000000100000000)
  region size 1024K, 19 young (19456K), 3 survivors (3072K)
 Metaspace       used 64851K, committed 65472K, reserved 1105920K
  class space    used 8832K, committed 9088K, reserved 1048576K
}
Event: 15.635 GC heap after
{Heap after GC invocations=29 (full 0):
 garbage-first heap   total 54272K, used 28571K [0x0000000080000000, 0x0000000100000000)
  region size 1024K, 3 young (3072K), 3 survivors (3072K)
 Metaspace       used 64851K, committed 65472K, reserved 1105920K
  class space    used 8832K, committed 9088K, reserved 1048576K
}

