# JRE version: OpenJDK Runtime Environment Temurin-17.0.5+8 (17.0.5+8) (build 17.0.5+8)
# Java VM: OpenJDK 64-Bit Server VM Temurin-17.0.5+8 (17.0.5+8, mixed mode, emulated-client, tiered, compressed oops, compressed class ptrs, g1 gc, windows-amd64)
GC Precious Log:
 CPUs: 8 total, 8 available
 Memory: 8056M
 Large Page Support: Disabled
 NUMA Support: Disabled
 Compressed Oops: Enabled (32-bit)
 Heap Region Size: 1M
 Heap Min Capacity: 8M
 Heap Initial Capacity: 126M
 Heap Max Capacity: 2G
 Pre-touch: Disabled
 Parallel Workers: 8
 Concurrent Workers: 2
 Concurrent Refinement Workers: 8
 Periodic GC: Disabled
Heap:
 garbage-first heap   total 86016K, used 42088K [0x0000000080000000, 0x0000000100000000)
  region size 1024K, 17 young (17408K), 4 survivors (4096K)
 Metaspace       used 69375K, committed 70016K, reserved 1114112K
  class space    used 9460K, committed 9792K, reserved 1048576K
GC Heap History (20 events):
Event: 1.576 GC heap before
{Heap before GC invocations=6 (full 0):
 garbage-first heap   total 37888K, used 26151K [0x0000000080000000, 0x0000000100000000)
  region size 1024K, 17 young (17408K), 2 survivors (2048K)
 Metaspace       used 29271K, committed 29504K, reserved 1081344K
  class space    used 3551K, committed 3648K, reserved 1048576K
}
Event: 1.580 GC heap after
{Heap after GC invocations=7 (full 0):
 garbage-first heap   total 74752K, used 12697K [0x0000000080000000, 0x0000000100000000)
  region size 1024K, 2 young (2048K), 2 survivors (2048K)
 Metaspace       used 29271K, committed 29504K, reserved 1081344K
  class space    used 3551K, committed 3648K, reserved 1048576K
}
Event: 2.124 GC heap before
{Heap before GC invocations=7 (full 0):
 garbage-first heap   total 74752K, used 48537K [0x0000000080000000, 0x0000000100000000)
  region size 1024K, 37 young (37888K), 2 survivors (2048K)
 Metaspace       used 35380K, committed 35776K, reserved 1081344K
  class space    used 4442K, committed 4672K, reserved 1048576K
}
Event: 2.136 GC heap after
{Heap after GC invocations=8 (full 0):
 garbage-first heap   total 74752K, used 16571K [0x0000000080000000, 0x0000000100000000)
  region size 1024K, 5 young (5120K), 5 survivors (5120K)
 Metaspace       used 35380K, committed 35776K, reserved 1081344K
  class space    used 4442K, committed 4672K, reserved 1048576K
}
Event: 2.188 GC heap before
{Heap before GC invocations=8 (full 0):
 garbage-first heap   total 74752K, used 19643K [0x0000000080000000, 0x0000000100000000)
  region size 1024K, 9 young (9216K), 5 survivors (5120K)
 Metaspace       used 35680K, committed 36096K, reserved 1081344K
  class space    used 4497K, committed 4672K, reserved 1048576K
}
Event: 2.198 GC heap after
{Heap after GC invocations=9 (full 0):
 garbage-first heap   total 74752K, used 17166K [0x0000000080000000, 0x0000000100000000)
  region size 1024K, 1 young (1024K), 1 survivors (1024K)
 Metaspace       used 35680K, committed 36096K, reserved 1081344K
  class space    used 4497K, committed 4672K, reserved 1048576K
}
Event: 2.755 GC heap before
{Heap before GC invocations=10 (full 0):
 garbage-first heap   total 61440K, used 53006K [0x0000000080000000, 0x0000000100000000)
  region size 1024K, 37 young (37888K), 1 survivors (1024K)
 Metaspace       used 44245K, committed 44736K, reserved 1089536K
  class space    used 5702K, committed 5952K, reserved 1048576K
}
Event: 2.758 GC heap after
{Heap after GC invocations=11 (full 0):
 garbage-first heap   total 61440K, used 19130K [0x0000000080000000, 0x0000000100000000)
  region size 1024K, 3 young (3072K), 3 survivors (3072K)
 Metaspace       used 44245K, committed 44736K, reserved 1089536K
  class space    used 5702K, committed 5952K, reserved 1048576K
}
Event: 2.783 GC heap before
{Heap before GC invocations=11 (full 0):
 garbage-first heap   total 61440K, used 20154K [0x0000000080000000, 0x0000000100000000)
  region size 1024K, 4 young (4096K), 3 survivors (3072K)
 Metaspace       used 44587K, committed 45056K, reserved 1089536K
  class space    used 5745K, committed 5952K, reserved 1048576K
}
Event: 2.786 GC heap after
{Heap after GC invocations=12 (full 0):
 garbage-first heap   total 61440K, used 19301K [0x0000000080000000, 0x0000000100000000)
  region size 1024K, 1 young (1024K), 1 survivors (1024K)
 Metaspace       used 44587K, committed 45056K, reserved 1089536K
  class space    used 5745K, committed 5952K, reserved 1048576K
}
Event: 3.182 GC heap before
{Heap before GC invocations=12 (full 0):
 garbage-first heap   total 61440K, used 44901K [0x0000000080000000, 0x0000000100000000)
  region size 1024K, 27 young (27648K), 1 survivors (1024K)
 Metaspace       used 51546K, committed 51968K, reserved 1097728K
  class space    used 6794K, committed 6976K, reserved 1048576K
}
Event: 3.185 GC heap after
{Heap after GC invocations=13 (full 0):
 garbage-first heap   total 86016K, used 21086K [0x0000000080000000, 0x0000000100000000)
  region size 1024K, 3 young (3072K), 3 survivors (3072K)
 Metaspace       used 51546K, committed 51968K, reserved 1097728K
  class space    used 6794K, committed 6976K, reserved 1048576K
}
Event: 3.935 GC heap before
{Heap before GC invocations=13 (full 0):
 garbage-first heap   total 86016K, used 64094K [0x0000000080000000, 0x0000000100000000)
  region size 1024K, 45 young (46080K), 3 survivors (3072K)
 Metaspace       used 58311K, committed 58816K, reserved 1105920K
  class space    used 7858K, committed 8064K, reserved 1048576K
}
Event: 3.939 GC heap after
{Heap after GC invocations=14 (full 0):
 garbage-first heap   total 86016K, used 22977K [0x0000000080000000, 0x0000000100000000)
  region size 1024K, 4 young (4096K), 4 survivors (4096K)
 Metaspace       used 58311K, committed 58816K, reserved 1105920K
  class space    used 7858K, committed 8064K, reserved 1048576K
}
Event: 4.033 GC heap before
{Heap before GC invocations=14 (full 0):
 garbage-first heap   total 86016K, used 30145K [0x0000000080000000, 0x0000000100000000)
  region size 1024K, 12 young (12288K), 4 survivors (4096K)
 Metaspace       used 60003K, committed 60480K, reserved 1105920K
  class space    used 8033K, committed 8256K, reserved 1048576K
}
Event: 4.037 GC heap after
{Heap after GC invocations=15 (full 0):
 garbage-first heap   total 86016K, used 23910K [0x0000000080000000, 0x0000000100000000)
  region size 1024K, 3 young (3072K), 3 survivors (3072K)
 Metaspace       used 60003K, committed 60480K, reserved 1105920K
  class space    used 8033K, committed 8256K, reserved 1048576K
}
Event: 4.493 GC heap before
{Heap before GC invocations=16 (full 0):
 garbage-first heap   total 86016K, used 65894K [0x0000000080000000, 0x0000000100000000)
  region size 1024K, 44 young (45056K), 3 survivors (3072K)
 Metaspace       used 63669K, committed 64192K, reserved 1105920K
  class space    used 8644K, committed 8896K, reserved 1048576K
}
Event: 4.498 GC heap after
{Heap after GC invocations=17 (full 0):
 garbage-first heap   total 86016K, used 26911K [0x0000000080000000, 0x0000000100000000)
  region size 1024K, 6 young (6144K), 6 survivors (6144K)
 Metaspace       used 63669K, committed 64192K, reserved 1105920K
  class space    used 8644K, committed 8896K, reserved 1048576K
}
Event: 8678.548 GC heap before
{Heap before GC invocations=17 (full 0):
 garbage-first heap   total 86016K, used 64799K [0x0000000080000000, 0x0000000100000000)
  region size 1024K, 44 young (45056K), 6 survivors (6144K)
 Metaspace       used 69322K, committed 69952K, reserved 1114112K
  class space    used 9447K, committed 9728K, reserved 1048576K
}
Event: 8678.559 GC heap after
{Heap after GC invocations=18 (full 0):
 garbage-first heap   total 86016K, used 29800K [0x0000000080000000, 0x0000000100000000)
  region size 1024K, 4 young (4096K), 4 survivors (4096K)
 Metaspace       used 69322K, committed 69952K, reserved 1114112K
  class space    used 9447K, committed 9728K, reserved 1048576K
}

