# JRE version: OpenJDK Runtime Environment Temurin-17.0.5+8 (17.0.5+8) (build 17.0.5+8)
# Java VM: OpenJDK 64-Bit Server VM Temurin-17.0.5+8 (17.0.5+8, mixed mode, emulated-client, tiered, compressed oops, compressed class ptrs, g1 gc, windows-amd64)
GC Precious Log:
 CPUs: 8 total, 8 available
 Memory: 8056M
 Large Page Support: Disabled
 NUMA Support: Disabled
 Compressed Oops: Enabled (32-bit)
 Heap Region Size: 1M
 Heap Min Capacity: 8M
 Heap Initial Capacity: 126M
 Heap Max Capacity: 2G
 Pre-touch: Disabled
 Parallel Workers: 8
 Concurrent Workers: 2
 Concurrent Refinement Workers: 8
 Periodic GC: Disabled
Heap:
 garbage-first heap   total 46080K, used 30783K [0x0000000080000000, 0x0000000100000000)
  region size 1024K, 17 young (17408K), 2 survivors (2048K)
 Metaspace       used 43439K, committed 43840K, reserved 1089536K
  class space    used 5578K, committed 5760K, reserved 1048576K
GC Heap History (18 events):
Event: 0.797 GC heap before
{Heap before GC invocations=0 (full 0):
 garbage-first heap   total 129024K, used 24576K [0x0000000080000000, 0x0000000100000000)
  region size 1024K, 23 young (23552K), 0 survivors (0K)
 Metaspace       used 16126K, committed 16320K, reserved 1064960K
  class space    used 1726K, committed 1792K, reserved 1048576K
}
Event: 0.804 GC heap after
{Heap after GC invocations=1 (full 0):
 garbage-first heap   total 129024K, used 6817K [0x0000000080000000, 0x0000000100000000)
  region size 1024K, 3 young (3072K), 3 survivors (3072K)
 Metaspace       used 16126K, committed 16320K, reserved 1064960K
  class space    used 1726K, committed 1792K, reserved 1048576K
}
Event: 1.090 GC heap before
{Heap before GC invocations=1 (full 0):
 garbage-first heap   total 129024K, used 27297K [0x0000000080000000, 0x0000000100000000)
  region size 1024K, 24 young (24576K), 3 survivors (3072K)
 Metaspace       used 21198K, committed 21504K, reserved 1073152K
  class space    used 2435K, committed 2560K, reserved 1048576K
}
Event: 1.095 GC heap after
{Heap after GC invocations=2 (full 0):
 garbage-first heap   total 129024K, used 8702K [0x0000000080000000, 0x0000000100000000)
  region size 1024K, 2 young (2048K), 2 survivors (2048K)
 Metaspace       used 21198K, committed 21504K, reserved 1073152K
  class space    used 2435K, committed 2560K, reserved 1048576K
}
Event: 1.310 GC heap before
{Heap before GC invocations=3 (full 0):
 garbage-first heap   total 37888K, used 26110K [0x0000000080000000, 0x0000000100000000)
  region size 1024K, 21 young (21504K), 2 survivors (2048K)
 Metaspace       used 25724K, committed 25984K, reserved 1073152K
  class space    used 3035K, committed 3136K, reserved 1048576K
}
Event: 1.315 GC heap after
{Heap after GC invocations=4 (full 0):
 garbage-first heap   total 37888K, used 10083K [0x0000000080000000, 0x0000000100000000)
  region size 1024K, 3 young (3072K), 3 survivors (3072K)
 Metaspace       used 25724K, committed 25984K, reserved 1073152K
  class space    used 3035K, committed 3136K, reserved 1048576K
}
Event: 1.554 GC heap before
{Heap before GC invocations=4 (full 0):
 garbage-first heap   total 37888K, used 26467K [0x0000000080000000, 0x0000000100000000)
  region size 1024K, 19 young (19456K), 3 survivors (3072K)
 Metaspace       used 27452K, committed 27712K, reserved 1081344K
  class space    used 3284K, committed 3392K, reserved 1048576K
}
Event: 1.559 GC heap after
{Heap after GC invocations=5 (full 0):
 garbage-first heap   total 37888K, used 11796K [0x0000000080000000, 0x0000000100000000)
  region size 1024K, 2 young (2048K), 2 survivors (2048K)
 Metaspace       used 27452K, committed 27712K, reserved 1081344K
  class space    used 3284K, committed 3392K, reserved 1048576K
}
Event: 1.828 GC heap before
{Heap before GC invocations=5 (full 0):
 garbage-first heap   total 37888K, used 28180K [0x0000000080000000, 0x0000000100000000)
  region size 1024K, 18 young (18432K), 2 survivors (2048K)
 Metaspace       used 29504K, committed 29760K, reserved 1081344K
  class space    used 3595K, committed 3712K, reserved 1048576K
}
Event: 1.832 GC heap after
{Heap after GC invocations=6 (full 0):
 garbage-first heap   total 37888K, used 12780K [0x0000000080000000, 0x0000000100000000)
  region size 1024K, 2 young (2048K), 2 survivors (2048K)
 Metaspace       used 29504K, committed 29760K, reserved 1081344K
  class space    used 3595K, committed 3712K, reserved 1048576K
}
Event: 2.094 GC heap before
{Heap before GC invocations=6 (full 0):
 garbage-first heap   total 37888K, used 28140K [0x0000000080000000, 0x0000000100000000)
  region size 1024K, 17 young (17408K), 2 survivors (2048K)
 Metaspace       used 32329K, committed 32704K, reserved 1081344K
  class space    used 4027K, committed 4224K, reserved 1048576K
}
Event: 2.101 GC heap after
{Heap after GC invocations=7 (full 0):
 garbage-first heap   total 37888K, used 14402K [0x0000000080000000, 0x0000000100000000)
  region size 1024K, 3 young (3072K), 3 survivors (3072K)
 Metaspace       used 32329K, committed 32704K, reserved 1081344K
  class space    used 4027K, committed 4224K, reserved 1048576K
}
Event: 2.332 GC heap before
{Heap before GC invocations=7 (full 0):
 garbage-first heap   total 37888K, used 28738K [0x0000000080000000, 0x0000000100000000)
  region size 1024K, 17 young (17408K), 3 survivors (3072K)
 Metaspace       used 34952K, committed 35392K, reserved 1081344K
  class space    used 4377K, committed 4608K, reserved 1048576K
}
Event: 2.342 GC heap after
{Heap after GC invocations=8 (full 0):
 garbage-first heap   total 46080K, used 16348K [0x0000000080000000, 0x0000000100000000)
  region size 1024K, 2 young (2048K), 2 survivors (2048K)
 Metaspace       used 34952K, committed 35392K, reserved 1081344K
  class space    used 4377K, committed 4608K, reserved 1048576K
}
Event: 2.424 GC heap before
{Heap before GC invocations=8 (full 0):
 garbage-first heap   total 46080K, used 20444K [0x0000000080000000, 0x0000000100000000)
  region size 1024K, 7 young (7168K), 2 survivors (2048K)
 Metaspace       used 35685K, committed 36096K, reserved 1081344K
  class space    used 4485K, committed 4672K, reserved 1048576K
}
Event: 2.426 GC heap after
{Heap after GC invocations=9 (full 0):
 garbage-first heap   total 46080K, used 16687K [0x0000000080000000, 0x0000000100000000)
  region size 1024K, 1 young (1024K), 1 survivors (1024K)
 Metaspace       used 35685K, committed 36096K, reserved 1081344K
  class space    used 4485K, committed 4672K, reserved 1048576K
}
Event: 2.905 GC heap before
{Heap before GC invocations=10 (full 0):
 garbage-first heap   total 46080K, used 33071K [0x0000000080000000, 0x0000000100000000)
  region size 1024K, 18 young (18432K), 1 survivors (1024K)
 Metaspace       used 39245K, committed 39680K, reserved 1089536K
  class space    used 5035K, committed 5248K, reserved 1048576K
}
Event: 2.906 GC heap after
{Heap after GC invocations=11 (full 0):
 garbage-first heap   total 46080K, used 17471K [0x0000000080000000, 0x0000000100000000)
  region size 1024K, 2 young (2048K), 2 survivors (2048K)
 Metaspace       used 39245K, committed 39680K, reserved 1089536K
  class space    used 5035K, committed 5248K, reserved 1048576K
}

