# JRE version: OpenJDK Runtime Environment Temurin-17.0.5+8 (17.0.5+8) (build 17.0.5+8)
# Java VM: OpenJDK 64-Bit Server VM Temurin-17.0.5+8 (17.0.5+8, mixed mode, emulated-client, tiered, compressed oops, compressed class ptrs, g1 gc, windows-amd64)
GC Precious Log:
 CPUs: 8 total, 8 available
 Memory: 8056M
 Large Page Support: Disabled
 NUMA Support: Disabled
 Compressed Oops: Enabled (32-bit)
 Heap Region Size: 1M
 Heap Min Capacity: 8M
 Heap Initial Capacity: 126M
 Heap Max Capacity: 2G
 Pre-touch: Disabled
 Parallel Workers: 8
 Concurrent Workers: 2
 Concurrent Refinement Workers: 8
 Periodic GC: Disabled
Heap:
 garbage-first heap   total 65536K, used 25762K [0x0000000080000000, 0x0000000100000000)
  region size 1024K, 4 young (4096K), 4 survivors (4096K)
 Metaspace       used 61542K, committed 62080K, reserved 1105920K
  class space    used 8337K, committed 8576K, reserved 1048576K
GC Heap History (20 events):
Event: 1.452 GC heap after
{Heap after GC invocations=4 (full 0):
 garbage-first heap   total 37888K, used 10780K [0x0000000080000000, 0x0000000100000000)
  region size 1024K, 4 young (4096K), 4 survivors (4096K)
 Metaspace       used 24565K, committed 24896K, reserved 1073152K
  class space    used 2909K, committed 3072K, reserved 1048576K
}
Event: 1.460 GC heap before
{Heap before GC invocations=4 (full 0):
 garbage-first heap   total 37888K, used 11804K [0x0000000080000000, 0x0000000100000000)
  region size 1024K, 5 young (5120K), 4 survivors (4096K)
 Metaspace       used 24573K, committed 24896K, reserved 1073152K
  class space    used 2911K, committed 3072K, reserved 1048576K
}
Event: 1.463 GC heap after
{Heap after GC invocations=5 (full 0):
 garbage-first heap   total 37888K, used 11086K [0x0000000080000000, 0x0000000100000000)
  region size 1024K, 1 young (1024K), 1 survivors (1024K)
 Metaspace       used 24573K, committed 24896K, reserved 1073152K
  class space    used 2911K, committed 3072K, reserved 1048576K
}
Event: 1.564 GC heap before
{Heap before GC invocations=5 (full 0):
 garbage-first heap   total 37888K, used 25422K [0x0000000080000000, 0x0000000100000000)
  region size 1024K, 16 young (16384K), 1 survivors (1024K)
 Metaspace       used 27082K, committed 27328K, reserved 1073152K
  class space    used 3219K, committed 3328K, reserved 1048576K
}
Event: 1.566 GC heap after
{Heap after GC invocations=6 (full 0):
 garbage-first heap   total 37888K, used 11963K [0x0000000080000000, 0x0000000100000000)
  region size 1024K, 2 young (2048K), 2 survivors (2048K)
 Metaspace       used 27082K, committed 27328K, reserved 1073152K
  class space    used 3219K, committed 3328K, reserved 1048576K
}
Event: 1.754 GC heap before
{Heap before GC invocations=6 (full 0):
 garbage-first heap   total 37888K, used 27323K [0x0000000080000000, 0x0000000100000000)
  region size 1024K, 17 young (17408K), 2 survivors (2048K)
 Metaspace       used 29442K, committed 29760K, reserved 1081344K
  class space    used 3572K, committed 3712K, reserved 1048576K
}
Event: 1.758 GC heap after
{Heap after GC invocations=7 (full 0):
 garbage-first heap   total 74752K, used 12821K [0x0000000080000000, 0x0000000100000000)
  region size 1024K, 3 young (3072K), 3 survivors (3072K)
 Metaspace       used 29442K, committed 29760K, reserved 1081344K
  class space    used 3572K, committed 3712K, reserved 1048576K
}
Event: 2.378 GC heap before
{Heap before GC invocations=7 (full 0):
 garbage-first heap   total 74752K, used 48661K [0x0000000080000000, 0x0000000100000000)
  region size 1024K, 38 young (38912K), 3 survivors (3072K)
 Metaspace       used 35488K, committed 35904K, reserved 1081344K
  class space    used 4459K, committed 4672K, reserved 1048576K
}
Event: 2.389 GC heap after
{Heap after GC invocations=8 (full 0):
 garbage-first heap   total 74752K, used 16710K [0x0000000080000000, 0x0000000100000000)
  region size 1024K, 5 young (5120K), 5 survivors (5120K)
 Metaspace       used 35488K, committed 35904K, reserved 1081344K
  class space    used 4459K, committed 4672K, reserved 1048576K
}
Event: 2.407 GC heap before
{Heap before GC invocations=8 (full 0):
 garbage-first heap   total 74752K, used 16710K [0x0000000080000000, 0x0000000100000000)
  region size 1024K, 6 young (6144K), 5 survivors (5120K)
 Metaspace       used 35564K, committed 35968K, reserved 1081344K
  class space    used 4466K, committed 4672K, reserved 1048576K
}
Event: 2.414 GC heap after
{Heap after GC invocations=9 (full 0):
 garbage-first heap   total 74752K, used 17629K [0x0000000080000000, 0x0000000100000000)
  region size 1024K, 1 young (1024K), 1 survivors (1024K)
 Metaspace       used 35564K, committed 35968K, reserved 1081344K
  class space    used 4466K, committed 4672K, reserved 1048576K
}
Event: 2.955 GC heap before
{Heap before GC invocations=10 (full 0):
 garbage-first heap   total 65536K, used 54493K [0x0000000080000000, 0x0000000100000000)
  region size 1024K, 37 young (37888K), 1 survivors (1024K)
 Metaspace       used 43965K, committed 44416K, reserved 1089536K
  class space    used 5662K, committed 5888K, reserved 1048576K
}
Event: 2.957 GC heap after
{Heap after GC invocations=11 (full 0):
 garbage-first heap   total 65536K, used 19009K [0x0000000080000000, 0x0000000100000000)
  region size 1024K, 3 young (3072K), 3 survivors (3072K)
 Metaspace       used 43965K, committed 44416K, reserved 1089536K
  class space    used 5662K, committed 5888K, reserved 1048576K
}
Event: 3.408 GC heap before
{Heap before GC invocations=11 (full 0):
 garbage-first heap   total 65536K, used 48705K [0x0000000080000000, 0x0000000100000000)
  region size 1024K, 32 young (32768K), 3 survivors (3072K)
 Metaspace       used 51695K, committed 52160K, reserved 1097728K
  class space    used 6817K, committed 7040K, reserved 1048576K
}
Event: 3.412 GC heap after
{Heap after GC invocations=12 (full 0):
 garbage-first heap   total 65536K, used 21818K [0x0000000080000000, 0x0000000100000000)
  region size 1024K, 3 young (3072K), 3 survivors (3072K)
 Metaspace       used 51695K, committed 52160K, reserved 1097728K
  class space    used 6817K, committed 7040K, reserved 1048576K
}
Event: 3.771 GC heap before
{Heap before GC invocations=12 (full 0):
 garbage-first heap   total 65536K, used 49466K [0x0000000080000000, 0x0000000100000000)
  region size 1024K, 30 young (30720K), 3 survivors (3072K)
 Metaspace       used 55397K, committed 55808K, reserved 1097728K
  class space    used 7427K, committed 7616K, reserved 1048576K
}
Event: 3.774 GC heap after
{Heap after GC invocations=13 (full 0):
 garbage-first heap   total 65536K, used 22754K [0x0000000080000000, 0x0000000100000000)
  region size 1024K, 1 young (1024K), 1 survivors (1024K)
 Metaspace       used 55397K, committed 55808K, reserved 1097728K
  class space    used 7427K, committed 7616K, reserved 1048576K
}
Event: 5.329 GC heap before
{Heap before GC invocations=13 (full 0):
 garbage-first heap   total 65536K, used 43234K [0x0000000080000000, 0x0000000100000000)
  region size 1024K, 22 young (22528K), 1 survivors (1024K)
 Metaspace       used 59780K, committed 60288K, reserved 1105920K
  class space    used 8005K, committed 8192K, reserved 1048576K
}
Event: 5.332 GC heap after
{Heap after GC invocations=14 (full 0):
 garbage-first heap   total 65536K, used 24076K [0x0000000080000000, 0x0000000100000000)
  region size 1024K, 3 young (3072K), 3 survivors (3072K)
 Metaspace       used 59780K, committed 60288K, reserved 1105920K
  class space    used 8005K, committed 8192K, reserved 1048576K
}
Event: 5.592 GC heap before
{Heap before GC invocations=15 (full 0):
 garbage-first heap   total 65536K, used 50700K [0x0000000080000000, 0x0000000100000000)
  region size 1024K, 29 young (29696K), 3 survivors (3072K)
 Metaspace       used 61542K, committed 62080K, reserved 1105920K
  class space    used 8337K, committed 8576K, reserved 1048576K
}

