# JRE version: OpenJDK Runtime Environment Temurin-17.0.5+8 (17.0.5+8) (build 17.0.5+8)
# Java VM: OpenJDK 64-Bit Server VM Temurin-17.0.5+8 (17.0.5+8, mixed mode, emulated-client, tiered, compressed oops, compressed class ptrs, g1 gc, windows-amd64)
GC Precious Log:
 CPUs: 8 total, 8 available
 Memory: 8056M
 Large Page Support: Disabled
 NUMA Support: Disabled
 Compressed Oops: Enabled (32-bit)
 Heap Region Size: 1M
 Heap Min Capacity: 8M
 Heap Initial Capacity: 126M
 Heap Max Capacity: 2G
 Pre-touch: Disabled
 Parallel Workers: 8
 Concurrent Workers: 2
 Concurrent Refinement Workers: 8
 Periodic GC: Disabled
Heap:
 garbage-first heap   total 59392K, used 40781K [0x0000000080000000, 0x0000000100000000)
  region size 1024K, 29 young (29696K), 4 survivors (4096K)
 Metaspace       used 41439K, committed 41856K, reserved 1089536K
  class space    used 5376K, committed 5568K, reserved 1048576K
GC Heap History (16 events):
Event: 0.820 GC heap before
{Heap before GC invocations=0 (full 0):
 garbage-first heap   total 129024K, used 23552K [0x0000000080000000, 0x0000000100000000)
  region size 1024K, 23 young (23552K), 0 survivors (0K)
 Metaspace       used 16126K, committed 16320K, reserved 1064960K
  class space    used 1726K, committed 1792K, reserved 1048576K
}
Event: 0.827 GC heap after
{Heap after GC invocations=1 (full 0):
 garbage-first heap   total 129024K, used 6754K [0x0000000080000000, 0x0000000100000000)
  region size 1024K, 3 young (3072K), 3 survivors (3072K)
 Metaspace       used 16126K, committed 16320K, reserved 1064960K
  class space    used 1726K, committed 1792K, reserved 1048576K
}
Event: 1.121 GC heap before
{Heap before GC invocations=1 (full 0):
 garbage-first heap   total 129024K, used 27234K [0x0000000080000000, 0x0000000100000000)
  region size 1024K, 25 young (25600K), 3 survivors (3072K)
 Metaspace       used 21180K, committed 21504K, reserved 1073152K
  class space    used 2434K, committed 2560K, reserved 1048576K
}
Event: 1.126 GC heap after
{Heap after GC invocations=2 (full 0):
 garbage-first heap   total 129024K, used 8598K [0x0000000080000000, 0x0000000100000000)
  region size 1024K, 2 young (2048K), 2 survivors (2048K)
 Metaspace       used 21180K, committed 21504K, reserved 1073152K
  class space    used 2434K, committed 2560K, reserved 1048576K
}
Event: 1.354 GC heap before
{Heap before GC invocations=3 (full 0):
 garbage-first heap   total 37888K, used 27030K [0x0000000080000000, 0x0000000100000000)
  region size 1024K, 21 young (21504K), 2 survivors (2048K)
 Metaspace       used 25804K, committed 26112K, reserved 1073152K
  class space    used 3048K, committed 3200K, reserved 1048576K
}
Event: 1.358 GC heap after
{Heap after GC invocations=4 (full 0):
 garbage-first heap   total 37888K, used 10139K [0x0000000080000000, 0x0000000100000000)
  region size 1024K, 4 young (4096K), 4 survivors (4096K)
 Metaspace       used 25804K, committed 26112K, reserved 1073152K
  class space    used 3048K, committed 3200K, reserved 1048576K
}
Event: 1.375 GC heap before
{Heap before GC invocations=4 (full 0):
 garbage-first heap   total 37888K, used 10139K [0x0000000080000000, 0x0000000100000000)
  region size 1024K, 5 young (5120K), 4 survivors (4096K)
 Metaspace       used 25908K, committed 26176K, reserved 1073152K
  class space    used 3063K, committed 3200K, reserved 1048576K
}
Event: 1.378 GC heap after
{Heap after GC invocations=5 (full 0):
 garbage-first heap   total 37888K, used 10290K [0x0000000080000000, 0x0000000100000000)
  region size 1024K, 1 young (1024K), 1 survivors (1024K)
 Metaspace       used 25908K, committed 26176K, reserved 1073152K
  class space    used 3063K, committed 3200K, reserved 1048576K
}
Event: 1.606 GC heap before
{Heap before GC invocations=5 (full 0):
 garbage-first heap   total 37888K, used 25650K [0x0000000080000000, 0x0000000100000000)
  region size 1024K, 17 young (17408K), 1 survivors (1024K)
 Metaspace       used 27540K, committed 27840K, reserved 1081344K
  class space    used 3302K, committed 3456K, reserved 1048576K
}
Event: 1.609 GC heap after
{Heap after GC invocations=6 (full 0):
 garbage-first heap   total 37888K, used 11535K [0x0000000080000000, 0x0000000100000000)
  region size 1024K, 2 young (2048K), 2 survivors (2048K)
 Metaspace       used 27540K, committed 27840K, reserved 1081344K
  class space    used 3302K, committed 3456K, reserved 1048576K
}
Event: 1.881 GC heap before
{Heap before GC invocations=6 (full 0):
 garbage-first heap   total 37888K, used 27919K [0x0000000080000000, 0x0000000100000000)
  region size 1024K, 18 young (18432K), 2 survivors (2048K)
 Metaspace       used 29760K, committed 30080K, reserved 1081344K
  class space    used 3634K, committed 3776K, reserved 1048576K
}
Event: 1.887 GC heap after
{Heap after GC invocations=7 (full 0):
 garbage-first heap   total 37888K, used 12629K [0x0000000080000000, 0x0000000100000000)
  region size 1024K, 2 young (2048K), 2 survivors (2048K)
 Metaspace       used 29760K, committed 30080K, reserved 1081344K
  class space    used 3634K, committed 3776K, reserved 1048576K
}
Event: 2.138 GC heap before
{Heap before GC invocations=7 (full 0):
 garbage-first heap   total 37888K, used 27989K [0x0000000080000000, 0x0000000100000000)
  region size 1024K, 17 young (17408K), 2 survivors (2048K)
 Metaspace       used 32557K, committed 32960K, reserved 1081344K
  class space    used 4096K, committed 4288K, reserved 1048576K
}
Event: 2.145 GC heap after
{Heap after GC invocations=8 (full 0):
 garbage-first heap   total 59392K, used 14383K [0x0000000080000000, 0x0000000100000000)
  region size 1024K, 3 young (3072K), 3 survivors (3072K)
 Metaspace       used 32557K, committed 32960K, reserved 1081344K
  class space    used 4096K, committed 4288K, reserved 1048576K
}
Event: 2.513 GC heap before
{Heap before GC invocations=8 (full 0):
 garbage-first heap   total 59392K, used 29743K [0x0000000080000000, 0x0000000100000000)
  region size 1024K, 20 young (20480K), 3 survivors (3072K)
 Metaspace       used 35661K, committed 36096K, reserved 1081344K
  class space    used 4480K, committed 4672K, reserved 1048576K
}
Event: 2.518 GC heap after
{Heap after GC invocations=9 (full 0):
 garbage-first heap   total 59392K, used 16205K [0x0000000080000000, 0x0000000100000000)
  region size 1024K, 4 young (4096K), 4 survivors (4096K)
 Metaspace       used 35661K, committed 36096K, reserved 1081344K
  class space    used 4480K, committed 4672K, reserved 1048576K
}

