# JRE version: OpenJDK Runtime Environment Temurin-17.0.5+8 (17.0.5+8) (build 17.0.5+8)
# Java VM: OpenJDK 64-Bit Server VM Temurin-17.0.5+8 (17.0.5+8, mixed mode, emulated-client, tiered, compressed oops, compressed class ptrs, g1 gc, windows-amd64)
GC Precious Log:
 CPUs: 8 total, 8 available
 Memory: 8056M
 Large Page Support: Disabled
 NUMA Support: Disabled
 Compressed Oops: Enabled (32-bit)
 Heap Region Size: 1M
 Heap Min Capacity: 8M
 Heap Initial Capacity: 126M
 Heap Max Capacity: 2G
 Pre-touch: Disabled
 Parallel Workers: 8
 Concurrent Workers: 2
 Concurrent Refinement Workers: 8
 Periodic GC: Disabled
Heap:
 garbage-first heap   total 44032K, used 32487K [0x0000000080000000, 0x0000000100000000)
  region size 1024K, 12 young (12288K), 2 survivors (2048K)
 Metaspace       used 59954K, committed 60416K, reserved 1105920K
  class space    used 8098K, committed 8320K, reserved 1048576K
GC Heap History (20 events):
Event: 7.811 GC heap before
{Heap before GC invocations=8 (full 0):
 garbage-first heap   total 34816K, used 25829K [0x0000000080000000, 0x0000000100000000)
  region size 1024K, 14 young (14336K), 2 survivors (2048K)
 Metaspace       used 33629K, committed 34048K, reserved 1081344K
  class space    used 4212K, committed 4416K, reserved 1048576K
}
Event: 7.816 GC heap after
{Heap after GC invocations=9 (full 0):
 garbage-first heap   total 34816K, used 15159K [0x0000000080000000, 0x0000000100000000)
  region size 1024K, 2 young (2048K), 2 survivors (2048K)
 Metaspace       used 33629K, committed 34048K, reserved 1081344K
  class space    used 4212K, committed 4416K, reserved 1048576K
}
Event: 8.332 GC heap before
{Heap before GC invocations=9 (full 0):
 garbage-first heap   total 34816K, used 24375K [0x0000000080000000, 0x0000000100000000)
  region size 1024K, 12 young (12288K), 2 survivors (2048K)
 Metaspace       used 35610K, committed 36096K, reserved 1081344K
  class space    used 4467K, committed 4672K, reserved 1048576K
}
Event: 8.335 GC heap after
{Heap after GC invocations=10 (full 0):
 garbage-first heap   total 44032K, used 16396K [0x0000000080000000, 0x0000000100000000)
  region size 1024K, 2 young (2048K), 2 survivors (2048K)
 Metaspace       used 35610K, committed 36096K, reserved 1081344K
  class space    used 4467K, committed 4672K, reserved 1048576K
}
Event: 8.409 GC heap before
{Heap before GC invocations=10 (full 0):
 garbage-first heap   total 44032K, used 16396K [0x0000000080000000, 0x0000000100000000)
  region size 1024K, 3 young (3072K), 2 survivors (2048K)
 Metaspace       used 35694K, committed 36096K, reserved 1081344K
  class space    used 4484K, committed 4672K, reserved 1048576K
}
Event: 8.411 GC heap after
{Heap after GC invocations=11 (full 0):
 garbage-first heap   total 44032K, used 16388K [0x0000000080000000, 0x0000000100000000)
  region size 1024K, 2 young (2048K), 2 survivors (2048K)
 Metaspace       used 35694K, committed 36096K, reserved 1081344K
  class space    used 4484K, committed 4672K, reserved 1048576K
}
Event: 9.164 GC heap before
{Heap before GC invocations=12 (full 0):
 garbage-first heap   total 44032K, used 31748K [0x0000000080000000, 0x0000000100000000)
  region size 1024K, 18 young (18432K), 2 survivors (2048K)
 Metaspace       used 39078K, committed 39552K, reserved 1089536K
  class space    used 5008K, committed 5248K, reserved 1048576K
}
Event: 9.167 GC heap after
{Heap after GC invocations=13 (full 0):
 garbage-first heap   total 44032K, used 17185K [0x0000000080000000, 0x0000000100000000)
  region size 1024K, 3 young (3072K), 3 survivors (3072K)
 Metaspace       used 39078K, committed 39552K, reserved 1089536K
  class space    used 5008K, committed 5248K, reserved 1048576K
}
Event: 9.818 GC heap before
{Heap before GC invocations=13 (full 0):
 garbage-first heap   total 44032K, used 32545K [0x0000000080000000, 0x0000000100000000)
  region size 1024K, 19 young (19456K), 3 survivors (3072K)
 Metaspace       used 43662K, committed 44096K, reserved 1089536K
  class space    used 5605K, committed 5824K, reserved 1048576K
}
Event: 9.821 GC heap after
{Heap after GC invocations=14 (full 0):
 garbage-first heap   total 44032K, used 18743K [0x0000000080000000, 0x0000000100000000)
  region size 1024K, 3 young (3072K), 3 survivors (3072K)
 Metaspace       used 43662K, committed 44096K, reserved 1089536K
  class space    used 5605K, committed 5824K, reserved 1048576K
}
Event: 10.183 GC heap before
{Heap before GC invocations=14 (full 0):
 garbage-first heap   total 44032K, used 34103K [0x0000000080000000, 0x0000000100000000)
  region size 1024K, 18 young (18432K), 3 survivors (3072K)
 Metaspace       used 47827K, committed 48320K, reserved 1097728K
  class space    used 6168K, committed 6400K, reserved 1048576K
}
Event: 10.186 GC heap after
{Heap after GC invocations=15 (full 0):
 garbage-first heap   total 44032K, used 20046K [0x0000000080000000, 0x0000000100000000)
  region size 1024K, 3 young (3072K), 3 survivors (3072K)
 Metaspace       used 47827K, committed 48320K, reserved 1097728K
  class space    used 6168K, committed 6400K, reserved 1048576K
}
Event: 10.679 GC heap before
{Heap before GC invocations=15 (full 0):
 garbage-first heap   total 44032K, used 33358K [0x0000000080000000, 0x0000000100000000)
  region size 1024K, 17 young (17408K), 3 survivors (3072K)
 Metaspace       used 52399K, committed 52864K, reserved 1097728K
  class space    used 6919K, committed 7168K, reserved 1048576K
}
Event: 10.682 GC heap after
{Heap after GC invocations=16 (full 0):
 garbage-first heap   total 44032K, used 20935K [0x0000000080000000, 0x0000000100000000)
  region size 1024K, 3 young (3072K), 3 survivors (3072K)
 Metaspace       used 52399K, committed 52864K, reserved 1097728K
  class space    used 6919K, committed 7168K, reserved 1048576K
}
Event: 10.942 GC heap before
{Heap before GC invocations=16 (full 0):
 garbage-first heap   total 44032K, used 34247K [0x0000000080000000, 0x0000000100000000)
  region size 1024K, 16 young (16384K), 3 survivors (3072K)
 Metaspace       used 55470K, committed 56000K, reserved 1097728K
  class space    used 7454K, committed 7680K, reserved 1048576K
}
Event: 10.945 GC heap after
{Heap after GC invocations=17 (full 0):
 garbage-first heap   total 44032K, used 21415K [0x0000000080000000, 0x0000000100000000)
  region size 1024K, 2 young (2048K), 2 survivors (2048K)
 Metaspace       used 55470K, committed 56000K, reserved 1097728K
  class space    used 7454K, committed 7680K, reserved 1048576K
}
Event: 11.346 GC heap before
{Heap before GC invocations=17 (full 0):
 garbage-first heap   total 44032K, used 34727K [0x0000000080000000, 0x0000000100000000)
  region size 1024K, 15 young (15360K), 2 survivors (2048K)
 Metaspace       used 56969K, committed 57408K, reserved 1105920K
  class space    used 7680K, committed 7872K, reserved 1048576K
}
Event: 11.349 GC heap after
{Heap after GC invocations=18 (full 0):
 garbage-first heap   total 44032K, used 22863K [0x0000000080000000, 0x0000000100000000)
  region size 1024K, 2 young (2048K), 2 survivors (2048K)
 Metaspace       used 56969K, committed 57408K, reserved 1105920K
  class space    used 7680K, committed 7872K, reserved 1048576K
}
Event: 11.696 GC heap before
{Heap before GC invocations=19 (full 0):
 garbage-first heap   total 44032K, used 34127K [0x0000000080000000, 0x0000000100000000)
  region size 1024K, 14 young (14336K), 2 survivors (2048K)
 Metaspace       used 58287K, committed 58816K, reserved 1105920K
  class space    used 7893K, committed 8128K, reserved 1048576K
}
Event: 11.700 GC heap after
{Heap after GC invocations=20 (full 0):
 garbage-first heap   total 44032K, used 24295K [0x0000000080000000, 0x0000000100000000)
  region size 1024K, 2 young (2048K), 2 survivors (2048K)
 Metaspace       used 58287K, committed 58816K, reserved 1105920K
  class space    used 7893K, committed 8128K, reserved 1048576K
}

