# JRE version: OpenJDK Runtime Environment Temurin-17.0.5+8 (17.0.5+8) (build 17.0.5+8)
# Java VM: OpenJDK 64-Bit Server VM Temurin-17.0.5+8 (17.0.5+8, mixed mode, emulated-client, tiered, compressed oops, compressed class ptrs, g1 gc, windows-amd64)
GC Precious Log:
 CPUs: 8 total, 8 available
 Memory: 8056M
 Large Page Support: Disabled
 NUMA Support: Disabled
 Compressed Oops: Enabled (32-bit)
 Heap Region Size: 1M
 Heap Min Capacity: 8M
 Heap Initial Capacity: 126M
 Heap Max Capacity: 2G
 Pre-touch: Disabled
 Parallel Workers: 8
 Concurrent Workers: 2
 Concurrent Refinement Workers: 8
 Periodic GC: Disabled
Heap:
 garbage-first heap   total 51200K, used 28319K [0x0000000080000000, 0x0000000100000000)
  region size 1024K, 2 young (2048K), 1 survivors (1024K)
 Metaspace       used 66660K, committed 67328K, reserved 1114112K
  class space    used 9033K, committed 9344K, reserved 1048576K
GC Heap History (20 events):
Event: 8.021 GC heap before
{Heap before GC invocations=15 (full 0):
 garbage-first heap   total 46080K, used 35980K [0x0000000080000000, 0x0000000100000000)
  region size 1024K, 15 young (15360K), 2 survivors (2048K)
 Metaspace       used 55342K, committed 55744K, reserved 1097728K
  class space    used 7422K, committed 7616K, reserved 1048576K
}
Event: 8.024 GC heap after
{Heap after GC invocations=16 (full 0):
 garbage-first heap   total 46080K, used 22896K [0x0000000080000000, 0x0000000100000000)
  region size 1024K, 1 young (1024K), 1 survivors (1024K)
 Metaspace       used 55342K, committed 55744K, reserved 1097728K
  class space    used 7422K, committed 7616K, reserved 1048576K
}
Event: 9.313 GC heap before
{Heap before GC invocations=17 (full 0):
 garbage-first heap   total 46080K, used 36208K [0x0000000080000000, 0x0000000100000000)
  region size 1024K, 15 young (15360K), 1 survivors (1024K)
 Metaspace       used 57741K, committed 58240K, reserved 1105920K
  class space    used 7836K, committed 8064K, reserved 1048576K
}
Event: 9.315 GC heap after
{Heap after GC invocations=18 (full 0):
 garbage-first heap   total 46080K, used 23802K [0x0000000080000000, 0x0000000100000000)
  region size 1024K, 2 young (2048K), 2 survivors (2048K)
 Metaspace       used 57741K, committed 58240K, reserved 1105920K
  class space    used 7836K, committed 8064K, reserved 1048576K
}
Event: 9.601 GC heap before
{Heap before GC invocations=18 (full 0):
 garbage-first heap   total 46080K, used 37114K [0x0000000080000000, 0x0000000100000000)
  region size 1024K, 15 young (15360K), 2 survivors (2048K)
 Metaspace       used 60095K, committed 60608K, reserved 1105920K
  class space    used 8140K, committed 8384K, reserved 1048576K
}
Event: 9.605 GC heap after
{Heap after GC invocations=19 (full 0):
 garbage-first heap   total 46080K, used 24807K [0x0000000080000000, 0x0000000100000000)
  region size 1024K, 2 young (2048K), 2 survivors (2048K)
 Metaspace       used 60095K, committed 60608K, reserved 1105920K
  class space    used 8140K, committed 8384K, reserved 1048576K
}
Event: 9.769 GC heap before
{Heap before GC invocations=20 (full 0):
 garbage-first heap   total 51200K, used 36071K [0x0000000080000000, 0x0000000100000000)
  region size 1024K, 13 young (13312K), 2 survivors (2048K)
 Metaspace       used 61428K, committed 62016K, reserved 1105920K
  class space    used 8331K, committed 8640K, reserved 1048576K
}
Event: 9.771 GC heap after
{Heap after GC invocations=21 (full 0):
 garbage-first heap   total 51200K, used 25610K [0x0000000080000000, 0x0000000100000000)
  region size 1024K, 2 young (2048K), 2 survivors (2048K)
 Metaspace       used 61428K, committed 62016K, reserved 1105920K
  class space    used 8331K, committed 8640K, reserved 1048576K
}
Event: 10.034 GC heap before
{Heap before GC invocations=21 (full 0):
 garbage-first heap   total 51200K, used 40970K [0x0000000080000000, 0x0000000100000000)
  region size 1024K, 17 young (17408K), 2 survivors (2048K)
 Metaspace       used 61697K, committed 62272K, reserved 1105920K
  class space    used 8365K, committed 8640K, reserved 1048576K
}
Event: 10.037 GC heap after
{Heap after GC invocations=22 (full 0):
 garbage-first heap   total 51200K, used 26224K [0x0000000080000000, 0x0000000100000000)
  region size 1024K, 2 young (2048K), 2 survivors (2048K)
 Metaspace       used 61697K, committed 62272K, reserved 1105920K
  class space    used 8365K, committed 8640K, reserved 1048576K
}
Event: 10.501 GC heap before
{Heap before GC invocations=23 (full 0):
 garbage-first heap   total 51200K, used 41584K [0x0000000080000000, 0x0000000100000000)
  region size 1024K, 17 young (17408K), 2 survivors (2048K)
 Metaspace       used 63501K, committed 64064K, reserved 1105920K
  class space    used 8620K, committed 8896K, reserved 1048576K
}
Event: 10.504 GC heap after
{Heap after GC invocations=24 (full 0):
 garbage-first heap   total 51200K, used 27669K [0x0000000080000000, 0x0000000100000000)
  region size 1024K, 3 young (3072K), 3 survivors (3072K)
 Metaspace       used 63501K, committed 64064K, reserved 1105920K
  class space    used 8620K, committed 8896K, reserved 1048576K
}
Event: 28.664 GC heap before
{Heap before GC invocations=24 (full 0):
 garbage-first heap   total 51200K, used 40981K [0x0000000080000000, 0x0000000100000000)
  region size 1024K, 17 young (17408K), 3 survivors (3072K)
 Metaspace       used 66024K, committed 66560K, reserved 1114112K
  class space    used 8970K, committed 9216K, reserved 1048576K
}
Event: 28.668 GC heap after
{Heap after GC invocations=25 (full 0):
 garbage-first heap   total 51200K, used 28740K [0x0000000080000000, 0x0000000100000000)
  region size 1024K, 3 young (3072K), 3 survivors (3072K)
 Metaspace       used 66024K, committed 66560K, reserved 1114112K
  class space    used 8970K, committed 9216K, reserved 1048576K
}
Event: 349.622 GC heap before
{Heap before GC invocations=26 (full 0):
 garbage-first heap   total 51200K, used 42052K [0x0000000080000000, 0x0000000100000000)
  region size 1024K, 16 young (16384K), 3 survivors (3072K)
 Metaspace       used 66834K, committed 67328K, reserved 1114112K
  class space    used 9067K, committed 9344K, reserved 1048576K
}
Event: 349.625 GC heap after
{Heap after GC invocations=27 (full 0):
 garbage-first heap   total 51200K, used 29175K [0x0000000080000000, 0x0000000100000000)
  region size 1024K, 1 young (1024K), 1 survivors (1024K)
 Metaspace       used 66834K, committed 67328K, reserved 1114112K
  class space    used 9067K, committed 9344K, reserved 1048576K
}
Event: 349.674 GC heap before
{Heap before GC invocations=27 (full 0):
 garbage-first heap   total 51200K, used 30199K [0x0000000080000000, 0x0000000100000000)
  region size 1024K, 2 young (2048K), 1 survivors (1024K)
 Metaspace       used 66834K, committed 67328K, reserved 1114112K
  class space    used 9067K, committed 9344K, reserved 1048576K
}
Event: 349.676 GC heap after
{Heap after GC invocations=28 (full 0):
 garbage-first heap   total 51200K, used 28495K [0x0000000080000000, 0x0000000100000000)
  region size 1024K, 1 young (1024K), 1 survivors (1024K)
 Metaspace       used 66834K, committed 67328K, reserved 1114112K
  class space    used 9067K, committed 9344K, reserved 1048576K
}
Event: 350.226 GC heap before
{Heap before GC invocations=28 (full 0):
 garbage-first heap   total 51200K, used 41807K [0x0000000080000000, 0x0000000100000000)
  region size 1024K, 14 young (14336K), 1 survivors (1024K)
 Metaspace       used 66834K, committed 67328K, reserved 1114112K
  class space    used 9067K, committed 9344K, reserved 1048576K
}
Event: 350.227 GC heap after
{Heap after GC invocations=29 (full 0):
 garbage-first heap   total 51200K, used 28354K [0x0000000080000000, 0x0000000100000000)
  region size 1024K, 1 young (1024K), 1 survivors (1024K)
 Metaspace       used 66834K, committed 67328K, reserved 1114112K
  class space    used 9067K, committed 9344K, reserved 1048576K
}

